<?xml version="1.0" encoding="UTF-8"?>
<testsuite xmlns:xsi="http://www.w3.org/2001/XMLSchema-instance" xsi:noNamespaceSchemaLocation="https://maven.apache.org/surefire/maven-surefire-plugin/xsd/surefire-test-report-3.0.xsd" version="3.0" name="TestSuite" time="37.476" tests="2" errors="0" skipped="0" failures="0">
  <properties>
[...]
</properties>
  <testcase name="launch" classname="demo.project.practice.Demo1" time="1.42">
    <system-out><![CDATA[Element is present
*****ELEMENT PRESENT******true
Item clicked
Radio button checked
C:\Users\Vikram\Vik_POM\demo.project.practice\test-output\html\Screenshots\Thu_Feb_11_21_05_03_IST_2021.jpg
]]></system-out>
    <system-err><![CDATA[SLF4J: Failed to load class "org.slf4j.impl.StaticLoggerBinder".
SLF4J: Defaulting to no-operation (NOP) logger implementation
SLF4J: See http://www.slf4j.org/codes.html#StaticLoggerBinder for further details.
Starting ChromeDriver 88.0.4324.96 (68dba2d8a0b149a1d3afac56fa74648032bcf46b-refs/branch-heads/4324@{#1784}) on port 42399
Only local connections are allowed.
Please see https://chromedriver.chromium.org/security-considerations for suggestions on keeping ChromeDriver safe.
ChromeDriver was started successfully.
Feb 11, 2021 9:04:50 PM org.openqa.selenium.remote.ProtocolHandshake createSession
INFO: Detected dialect: W3C
]]></system-err>
  </testcase>
  <testcase name="launch" classname="demo.project.practice.TC_02" time="0.859">
    <system-out><![CDATA[DEBUG   16130   [freemark] (): Couldn't find template in cache for "spark/spark.spa.ftl"("en_US", UTF-8, parsed); will try to load it.
DEBUG   16130   [freemark] (): TemplateLoader.findTemplateSource("spark/spark.spa_en_US.ftl"): Not found
DEBUG   16130   [freemark] (): TemplateLoader.findTemplateSource("spark/spark.spa_en.ftl"): Not found
DEBUG   16130   [freemark] (): TemplateLoader.findTemplateSource("spark/spark.spa.ftl"): Found
DEBUG   16130   [freemark] (): Loading template for "spark/spark.spa.ftl"("en_US", UTF-8, parsed) from "jar:file:/C:/Users/Vikram/.m2/repository/com/aventstack/extentreports/5.0.6/extentreports-5.0.6.jar!/com/aventstack/extentreports/templates/spark/spark.spa.ftl"
DEBUG   16130   [freemark] (): Couldn't find template in cache for "commons/commons-variables.ftl"("en_US", UTF-8, parsed); will try to load it.
DEBUG   16130   [freemark] (): TemplateLoader.findTemplateSource("commons/commons-variables_en_US.ftl"): Not found
DEBUG   16130   [freemark] (): TemplateLoader.findTemplateSource("commons/commons-variables_en.ftl"): Not found
DEBUG   16130   [freemark] (): TemplateLoader.findTemplateSource("commons/commons-variables.ftl"): Found
DEBUG   16130   [freemark] (): Loading template for "commons/commons-variables.ftl"("en_US", UTF-8, parsed) from "jar:file:/C:/Users/Vikram/.m2/repository/com/aventstack/extentreports/5.0.6/extentreports-5.0.6.jar!/com/aventstack/extentreports/templates/commons/commons-variables.ftl"
DEBUG   16130   [freemark] (): Couldn't find template in cache for "commons/commons-macros.ftl"("en_US", UTF-8, parsed); will try to load it.
DEBUG   16130   [freemark] (): TemplateLoader.findTemplateSource("commons/commons-macros_en_US.ftl"): Not found
DEBUG   16130   [freemark] (): TemplateLoader.findTemplateSource("commons/commons-macros_en.ftl"): Not found
DEBUG   16130   [freemark] (): TemplateLoader.findTemplateSource("commons/commons-macros.ftl"): Found
DEBUG   16130   [freemark] (): Loading template for "commons/commons-macros.ftl"("en_US", UTF-8, parsed) from "jar:file:/C:/Users/Vikram/.m2/repository/com/aventstack/extentreports/5.0.6/extentreports-5.0.6.jar!/com/aventstack/extentreports/templates/commons/commons-macros.ftl"
DEBUG   16130   [freemark] (): Couldn't find template in cache for "spark/macros/attributes.ftl"("en_US", UTF-8, parsed); will try to load it.
DEBUG   16130   [freemark] (): TemplateLoader.findTemplateSource("spark/macros/attributes_en_US.ftl"): Not found
DEBUG   16130   [freemark] (): TemplateLoader.findTemplateSource("spark/macros/attributes_en.ftl"): Not found
DEBUG   16130   [freemark] (): TemplateLoader.findTemplateSource("spark/macros/attributes.ftl"): Found
DEBUG   16130   [freemark] (): Loading template for "spark/macros/attributes.ftl"("en_US", UTF-8, parsed) from "jar:file:/C:/Users/Vikram/.m2/repository/com/aventstack/extentreports/5.0.6/extentreports-5.0.6.jar!/com/aventstack/extentreports/templates/spark/macros/attributes.ftl"
DEBUG   16130   [freemark] (): Couldn't find template in cache for "spark/macros/log.ftl"("en_US", UTF-8, parsed); will try to load it.
DEBUG   16130   [freemark] (): TemplateLoader.findTemplateSource("spark/macros/log_en_US.ftl"): Not found
DEBUG   16130   [freemark] (): TemplateLoader.findTemplateSource("spark/macros/log_en.ftl"): Not found
DEBUG   16130   [freemark] (): TemplateLoader.findTemplateSource("spark/macros/log.ftl"): Found
DEBUG   16130   [freemark] (): Loading template for "spark/macros/log.ftl"("en_US", UTF-8, parsed) from "jar:file:/C:/Users/Vikram/.m2/repository/com/aventstack/extentreports/5.0.6/extentreports-5.0.6.jar!/com/aventstack/extentreports/templates/spark/macros/log.ftl"
DEBUG   16130   [freemark] (): Couldn't find template in cache for "spark/macros/recurse_nodes.ftl"("en_US", UTF-8, parsed); will try to load it.
DEBUG   16130   [freemark] (): TemplateLoader.findTemplateSource("spark/macros/recurse_nodes_en_US.ftl"): Not found
DEBUG   16130   [freemark] (): TemplateLoader.findTemplateSource("spark/macros/recurse_nodes_en.ftl"): Not found
DEBUG   16130   [freemark] (): TemplateLoader.findTemplateSource("spark/macros/recurse_nodes.ftl"): Found
DEBUG   16130   [freemark] (): Loading template for "spark/macros/recurse_nodes.ftl"("en_US", UTF-8, parsed) from "jar:file:/C:/Users/Vikram/.m2/repository/com/aventstack/extentreports/5.0.6/extentreports-5.0.6.jar!/com/aventstack/extentreports/templates/spark/macros/recurse_nodes.ftl"
DEBUG   16130   [freemark] (): "spark/macros/log.ftl"("en_US", UTF-8, parsed) cached copy not yet stale; using cached.
DEBUG   16130   [freemark] (): Couldn't find template in cache for "spark/macros/attr-common.ftl"("en_US", UTF-8, parsed); will try to load it.
DEBUG   16130   [freemark] (): TemplateLoader.findTemplateSource("spark/macros/attr-common_en_US.ftl"): Not found
DEBUG   16130   [freemark] (): TemplateLoader.findTemplateSource("spark/macros/attr-common_en.ftl"): Not found
DEBUG   16130   [freemark] (): TemplateLoader.findTemplateSource("spark/macros/attr-common.ftl"): Found
DEBUG   16130   [freemark] (): Loading template for "spark/macros/attr-common.ftl"("en_US", UTF-8, parsed) from "jar:file:/C:/Users/Vikram/.m2/repository/com/aventstack/extentreports/5.0.6/extentreports-5.0.6.jar!/com/aventstack/extentreports/templates/spark/macros/attr-common.ftl"
DEBUG   16130   [freemark] (): Couldn't find template in cache for "spark/partials/head.ftl"("en_US", UTF-8, parsed); will try to load it.
DEBUG   16130   [freemark] (): TemplateLoader.findTemplateSource("spark/partials/head_en_US.ftl"): Not found
DEBUG   16130   [freemark] (): TemplateLoader.findTemplateSource("spark/partials/head_en.ftl"): Not found
DEBUG   16130   [freemark] (): TemplateLoader.findTemplateSource("spark/partials/head.ftl"): Found
DEBUG   16130   [freemark] (): Loading template for "spark/partials/head.ftl"("en_US", UTF-8, parsed) from "jar:file:/C:/Users/Vikram/.m2/repository/com/aventstack/extentreports/5.0.6/extentreports-5.0.6.jar!/com/aventstack/extentreports/templates/spark/partials/head.ftl"
DEBUG   16130   [freemark] (): Couldn't find template in cache for "commons/commons-inject-css.ftl"("en_US", UTF-8, parsed); will try to load it.
DEBUG   16130   [freemark] (): TemplateLoader.findTemplateSource("commons/commons-inject-css_en_US.ftl"): Not found
DEBUG   16130   [freemark] (): TemplateLoader.findTemplateSource("commons/commons-inject-css_en.ftl"): Not found
DEBUG   16130   [freemark] (): TemplateLoader.findTemplateSource("commons/commons-inject-css.ftl"): Found
DEBUG   16130   [freemark] (): Loading template for "commons/commons-inject-css.ftl"("en_US", UTF-8, parsed) from "jar:file:/C:/Users/Vikram/.m2/repository/com/aventstack/extentreports/5.0.6/extentreports-5.0.6.jar!/com/aventstack/extentreports/templates/commons/commons-inject-css.ftl"
DEBUG   16130   [freemark] (): Couldn't find template in cache for "spark/partials/navbar.ftl"("en_US", UTF-8, parsed); will try to load it.
DEBUG   16130   [freemark] (): TemplateLoader.findTemplateSource("spark/partials/navbar_en_US.ftl"): Not found
DEBUG   16130   [freemark] (): TemplateLoader.findTemplateSource("spark/partials/navbar_en.ftl"): Not found
DEBUG   16130   [freemark] (): TemplateLoader.findTemplateSource("spark/partials/navbar.ftl"): Found
DEBUG   16130   [freemark] (): Loading template for "spark/partials/navbar.ftl"("en_US", UTF-8, parsed) from "jar:file:/C:/Users/Vikram/.m2/repository/com/aventstack/extentreports/5.0.6/extentreports-5.0.6.jar!/com/aventstack/extentreports/templates/spark/partials/navbar.ftl"
DEBUG   16130   [freemark] (): Couldn't find template in cache for "spark/partials/sidenav.ftl"("en_US", UTF-8, parsed); will try to load it.
DEBUG   16130   [freemark] (): TemplateLoader.findTemplateSource("spark/partials/sidenav_en_US.ftl"): Not found
DEBUG   16130   [freemark] (): TemplateLoader.findTemplateSource("spark/partials/sidenav_en.ftl"): Not found
DEBUG   16130   [freemark] (): TemplateLoader.findTemplateSource("spark/partials/sidenav.ftl"): Found
DEBUG   16130   [freemark] (): Loading template for "spark/partials/sidenav.ftl"("en_US", UTF-8, parsed) from "jar:file:/C:/Users/Vikram/.m2/repository/com/aventstack/extentreports/5.0.6/extentreports-5.0.6.jar!/com/aventstack/extentreports/templates/spark/partials/sidenav.ftl"
DEBUG   16130   [freemark] (): Couldn't find template in cache for "spark/partials/test.ftl"("en_US", UTF-8, parsed); will try to load it.
DEBUG   16130   [freemark] (): TemplateLoader.findTemplateSource("spark/partials/test_en_US.ftl"): Not found
DEBUG   16130   [freemark] (): TemplateLoader.findTemplateSource("spark/partials/test_en.ftl"): Not found
DEBUG   16130   [freemark] (): TemplateLoader.findTemplateSource("spark/partials/test.ftl"): Found
DEBUG   16130   [freemark] (): Loading template for "spark/partials/test.ftl"("en_US", UTF-8, parsed) from "jar:file:/C:/Users/Vikram/.m2/repository/com/aventstack/extentreports/5.0.6/extentreports-5.0.6.jar!/com/aventstack/extentreports/templates/spark/partials/test.ftl"
DEBUG   16130   [freemark] (): Couldn't find template in cache for "spark/partials/standard-content.ftl"("en_US", UTF-8, parsed); will try to load it.
DEBUG   16130   [freemark] (): TemplateLoader.findTemplateSource("spark/partials/standard-content_en_US.ftl"): Not found
DEBUG   16130   [freemark] (): TemplateLoader.findTemplateSource("spark/partials/standard-content_en.ftl"): Not found
DEBUG   16130   [freemark] (): TemplateLoader.findTemplateSource("spark/partials/standard-content.ftl"): Found
DEBUG   16130   [freemark] (): Loading template for "spark/partials/standard-content.ftl"("en_US", UTF-8, parsed) from "jar:file:/C:/Users/Vikram/.m2/repository/com/aventstack/extentreports/5.0.6/extentreports-5.0.6.jar!/com/aventstack/extentreports/templates/spark/partials/standard-content.ftl"
DEBUG   16130   [freemark] (): Couldn't find template in cache for "spark/partials/exception.ftl"("en_US", UTF-8, parsed); will try to load it.
DEBUG   16130   [freemark] (): TemplateLoader.findTemplateSource("spark/partials/exception_en_US.ftl"): Not found
DEBUG   16130   [freemark] (): TemplateLoader.findTemplateSource("spark/partials/exception_en.ftl"): Not found
DEBUG   16130   [freemark] (): TemplateLoader.findTemplateSource("spark/partials/exception.ftl"): Found
DEBUG   16130   [freemark] (): Loading template for "spark/partials/exception.ftl"("en_US", UTF-8, parsed) from "jar:file:/C:/Users/Vikram/.m2/repository/com/aventstack/extentreports/5.0.6/extentreports-5.0.6.jar!/com/aventstack/extentreports/templates/spark/partials/exception.ftl"
DEBUG   16130   [freemark] (): Couldn't find template in cache for "spark/partials/category.ftl"("en_US", UTF-8, parsed); will try to load it.
DEBUG   16130   [freemark] (): TemplateLoader.findTemplateSource("spark/partials/category_en_US.ftl"): Not found
DEBUG   16130   [freemark] (): TemplateLoader.findTemplateSource("spark/partials/category_en.ftl"): Not found
DEBUG   16130   [freemark] (): TemplateLoader.findTemplateSource("spark/partials/category.ftl"): Found
DEBUG   16130   [freemark] (): Loading template for "spark/partials/category.ftl"("en_US", UTF-8, parsed) from "jar:file:/C:/Users/Vikram/.m2/repository/com/aventstack/extentreports/5.0.6/extentreports-5.0.6.jar!/com/aventstack/extentreports/templates/spark/partials/category.ftl"
DEBUG   16130   [freemark] (): Couldn't find template in cache for "spark/partials/device.ftl"("en_US", UTF-8, parsed); will try to load it.
DEBUG   16130   [freemark] (): TemplateLoader.findTemplateSource("spark/partials/device_en_US.ftl"): Not found
DEBUG   16130   [freemark] (): TemplateLoader.findTemplateSource("spark/partials/device_en.ftl"): Not found
DEBUG   16130   [freemark] (): TemplateLoader.findTemplateSource("spark/partials/device.ftl"): Found
DEBUG   16130   [freemark] (): Loading template for "spark/partials/device.ftl"("en_US", UTF-8, parsed) from "jar:file:/C:/Users/Vikram/.m2/repository/com/aventstack/extentreports/5.0.6/extentreports-5.0.6.jar!/com/aventstack/extentreports/templates/spark/partials/device.ftl"
DEBUG   16130   [freemark] (): Couldn't find template in cache for "spark/partials/author.ftl"("en_US", UTF-8, parsed); will try to load it.
DEBUG   16130   [freemark] (): TemplateLoader.findTemplateSource("spark/partials/author_en_US.ftl"): Not found
DEBUG   16130   [freemark] (): TemplateLoader.findTemplateSource("spark/partials/author_en.ftl"): Not found
DEBUG   16130   [freemark] (): TemplateLoader.findTemplateSource("spark/partials/author.ftl"): Found
DEBUG   16130   [freemark] (): Loading template for "spark/partials/author.ftl"("en_US", UTF-8, parsed) from "jar:file:/C:/Users/Vikram/.m2/repository/com/aventstack/extentreports/5.0.6/extentreports-5.0.6.jar!/com/aventstack/extentreports/templates/spark/partials/author.ftl"
DEBUG   16130   [freemark] (): Couldn't find template in cache for "spark/partials/log.ftl"("en_US", UTF-8, parsed); will try to load it.
DEBUG   16130   [freemark] (): TemplateLoader.findTemplateSource("spark/partials/log_en_US.ftl"): Not found
DEBUG   16130   [freemark] (): TemplateLoader.findTemplateSource("spark/partials/log_en.ftl"): Not found
DEBUG   16130   [freemark] (): TemplateLoader.findTemplateSource("spark/partials/log.ftl"): Found
DEBUG   16130   [freemark] (): Loading template for "spark/partials/log.ftl"("en_US", UTF-8, parsed) from "jar:file:/C:/Users/Vikram/.m2/repository/com/aventstack/extentreports/5.0.6/extentreports-5.0.6.jar!/com/aventstack/extentreports/templates/spark/partials/log.ftl"
DEBUG   16130   [freemark] (): Couldn't find template in cache for "spark/partials/dashboard.ftl"("en_US", UTF-8, parsed); will try to load it.
DEBUG   16130   [freemark] (): TemplateLoader.findTemplateSource("spark/partials/dashboard_en_US.ftl"): Not found
DEBUG   16130   [freemark] (): TemplateLoader.findTemplateSource("spark/partials/dashboard_en.ftl"): Not found
DEBUG   16130   [freemark] (): TemplateLoader.findTemplateSource("spark/partials/dashboard.ftl"): Found
DEBUG   16130   [freemark] (): Loading template for "spark/partials/dashboard.ftl"("en_US", UTF-8, parsed) from "jar:file:/C:/Users/Vikram/.m2/repository/com/aventstack/extentreports/5.0.6/extentreports-5.0.6.jar!/com/aventstack/extentreports/templates/spark/partials/dashboard.ftl"
DEBUG   16130   [freemark] (): Couldn't find template in cache for "spark/partials/scripts.ftl"("en_US", UTF-8, parsed); will try to load it.
DEBUG   16130   [freemark] (): TemplateLoader.findTemplateSource("spark/partials/scripts_en_US.ftl"): Not found
DEBUG   16130   [freemark] (): TemplateLoader.findTemplateSource("spark/partials/scripts_en.ftl"): Not found
DEBUG   16130   [freemark] (): TemplateLoader.findTemplateSource("spark/partials/scripts.ftl"): Found
DEBUG   16130   [freemark] (): Loading template for "spark/partials/scripts.ftl"("en_US", UTF-8, parsed) from "jar:file:/C:/Users/Vikram/.m2/repository/com/aventstack/extentreports/5.0.6/extentreports-5.0.6.jar!/com/aventstack/extentreports/templates/spark/partials/scripts.ftl"
DEBUG   16130   [freemark] (): Couldn't find template in cache for "commons/commons-inject-js.ftl"("en_US", UTF-8, parsed); will try to load it.
DEBUG   16130   [freemark] (): TemplateLoader.findTemplateSource("commons/commons-inject-js_en_US.ftl"): Not found
DEBUG   16130   [freemark] (): TemplateLoader.findTemplateSource("commons/commons-inject-js_en.ftl"): Not found
DEBUG   16130   [freemark] (): TemplateLoader.findTemplateSource("commons/commons-inject-js.ftl"): Found
DEBUG   16130   [freemark] (): Loading template for "commons/commons-inject-js.ftl"("en_US", UTF-8, parsed) from "jar:file:/C:/Users/Vikram/.m2/repository/com/aventstack/extentreports/5.0.6/extentreports-5.0.6.jar!/com/aventstack/extentreports/templates/commons/commons-inject-js.ftl"
Element is present
*****ELEMENT PRESENT******true
Item clicked
New window opened
C:\Users\Vikram\Vik_POM\demo.project.practice\test-output\html\Screenshots\Thu_Feb_11_21_05_19_IST_2021.jpg
]]></system-out>
    <system-err><![CDATA[Starting ChromeDriver 88.0.4324.96 (68dba2d8a0b149a1d3afac56fa74648032bcf46b-refs/branch-heads/4324@{#1784}) on port 28212
Only local connections are allowed.
Please see https://chromedriver.chromium.org/security-considerations for suggestions on keeping ChromeDriver safe.
ChromeDriver was started successfully.
Feb 11, 2021 9:05:09 PM org.openqa.selenium.remote.ProtocolHandshake createSession
INFO: Detected dialect: W3C
]]></system-err>
  </testcase>
</testsuite>