<?xml version="1.0" encoding="UTF-8"?>
<testng-results skipped="0" failed="0" ignored="0" total="2" passed="2">
  <reporter-output>
  </reporter-output>
  <suite name="Suite1" duration-ms="48899" started-at="2021-02-11T16:31:04 IST" finished-at="2021-02-11T16:31:53 IST">
    <groups>
    </groups>
    <test name="Demo Test 1" duration-ms="35781" started-at="2021-02-11T16:31:04 IST" finished-at="2021-02-11T16:31:40 IST">
      <class name="demo.project.practice.Demo1">
        <test-method status="PASS" signature="setup()[pri:0, instance:demo.project.practice.Demo1@49139829]" name="setup" is-config="true" duration-ms="31728" started-at="2021-02-11T16:31:04 IST" finished-at="2021-02-11T16:31:36 IST">
          <reporter-output>
          </reporter-output>
        </test-method> <!-- setup -->
        <test-method status="PASS" signature="launch()[pri:0, instance:demo.project.practice.Demo1@49139829]" name="launch" duration-ms="1751" started-at="2021-02-11T16:31:36 IST" finished-at="2021-02-11T16:31:38 IST">
          <reporter-output>
          </reporter-output>
        </test-method> <!-- launch -->
        <test-method status="PASS" signature="teardown()[pri:0, instance:demo.project.practice.Demo1@49139829]" name="teardown" is-config="true" duration-ms="1535" started-at="2021-02-11T16:31:39 IST" finished-at="2021-02-11T16:31:40 IST">
          <reporter-output>
          </reporter-output>
        </test-method> <!-- teardown -->
      </class> <!-- demo.project.practice.Demo1 -->
    </test> <!-- Demo Test 1 -->
    <test name="Demo Test 2" duration-ms="11869" started-at="2021-02-11T16:31:41 IST" finished-at="2021-02-11T16:31:53 IST">
      <class name="demo.project.practice.TC_02">
        <test-method status="PASS" signature="setup()[pri:0, instance:demo.project.practice.TC_02@34a3d150]" name="setup" is-config="true" duration-ms="9776" started-at="2021-02-11T16:31:41 IST" finished-at="2021-02-11T16:31:51 IST">
          <reporter-output>
          </reporter-output>
        </test-method> <!-- setup -->
        <test-method status="PASS" signature="launch()[pri:0, instance:demo.project.practice.TC_02@34a3d150]" name="launch" duration-ms="501" started-at="2021-02-11T16:31:51 IST" finished-at="2021-02-11T16:31:52 IST">
          <reporter-output>
          </reporter-output>
        </test-method> <!-- launch -->
        <test-method status="PASS" signature="teardown()[pri:0, instance:demo.project.practice.TC_02@34a3d150]" name="teardown" is-config="true" duration-ms="1114" started-at="2021-02-11T16:31:52 IST" finished-at="2021-02-11T16:31:53 IST">
          <reporter-output>
          </reporter-output>
        </test-method> <!-- teardown -->
      </class> <!-- demo.project.practice.TC_02 -->
    </test> <!-- Demo Test 2 -->
  </suite> <!-- Suite1 -->
</testng-results>
